#
# A fatal error has been detected by the Java Runtime Environment:
#
#  SIGSEGV (0xb) at pc=0x0000000000310000, pid=10118, tid=9475
#
# JRE version: Java(TM) SE Runtime Environment (8.0_05-b13) (build 1.8.0_05-b13)
# Java VM: Java HotSpot(TM) 64-Bit Server VM (25.5-b02 mixed mode bsd-amd64 compressed oops)
# Problematic frame:
# C  0x0000000000310000
#
# Failed to write core dump. Core dumps have been disabled. To enable core dumping, try "ulimit -c unlimited" before starting Java again
#
# If you would like to submit a bug report, please visit:
#   http://bugreport.sun.com/bugreport/crash.jsp
#

---------------  T H R E A D  ---------------

Current thread (0x00007f7f9a00c000):  GCTaskThread [stack: 0x0000000112315000,0x0000000112415000] [id=9475]

siginfo:si_signo=SIGSEGV: si_errno=0, si_code=1 (SEGV_MAPERR), si_addr=0x0000000000310000

Registers:
RAX=0x00000007c0095670, RBX=0x00007f7f99608fd0, RCX=0x0000000000003203, RDX=0x00000007862c9230
RSP=0x0000000112414cc8, RBP=0x0000000112414d50, RSI=0x00007f7f99608fd0, RDI=0x00000007c009e2a0
R8 =0x00000000000000c5, R9 =0x000000000000b325, R10=0x0000000000000001, R11=0x0000000000000040
R12=0x00000007862c9230, R13=0x00000001021c9490, R14=0x00007f7f99608fd8, R15=0x00000001021c9490
RIP=0x0000000000310000, EFLAGS=0x0000000000010206, ERR=0x0000000000000014
  TRAPNO=0x000000000000000e

Top of Stack: (sp=0x0000000112414cc8)
0x0000000112414cc8:   0000000101e73f0a 0000000112414d10
0x0000000112414cd8:   00007f7f99609010 00007f7f99609058
0x0000000112414ce8:   00007f7f99609090 0000000000000002
0x0000000112414cf8:   00000007803d5c98 00000007862c9230
0x0000000112414d08:   00000001021c9490 00007f7f99608fd0
0x0000000112414d18:   00000007c000fba0 00003b5600002f88
0x0000000112414d28:   0000000000000002 0000000112414d80
0x0000000112414d38:   00000001021c9490 00007f7f99608fd0
0x0000000112414d48:   0000000112414d6c 0000000112414db0
0x0000000112414d58:   0000000101e67cfb 00007f7f9d8f1b60
0x0000000112414d68:   7db7d4e001c52f97 0000000000000000
0x0000000112414d78:   0000000000000000 00000007803d5c98
0x0000000112414d88:   00007f7f9a00c000 0000000000000000
0x0000000112414d98:   0000000101fb531f 00007f7f9d8f1b60
0x0000000112414da8:   0000000000000001 0000000112414e90
0x0000000112414db8:   0000000101c5349d 0000000112414df0
0x0000000112414dc8:   00007f7f99523b80 00007f7f99523bb0
0x0000000112414dd8:   00007f7f99523bc0 00007f7f99523f98
0x0000000112414de8:   00000000000003d8 00007f7f9a00c000
0x0000000112414df8:   00007f7f99523fa0 00007f7f99523fd0
0x0000000112414e08:   00007f7f99523fe0 00007f7f995240b8
0x0000000112414e18:   00000000000000d8 0000000112414e30
0x0000000112414e28:   0000000000000000 00007f7f9a00c000
0x0000000112414e38:   00007f7f99523fa0 00007f7f99523fd0
0x0000000112414e48:   00007f7f99523fe0 00007f7f995240b8
0x0000000112414e58:   00000000000000d8 00007f7f995241d0
0x0000000112414e68:   00007f7f9a00c000 000000000011fa61
0x0000000112414e78:   00000000000008ff 00007f7f99524a90
0x0000000112414e88:   00007f7f99524b00 0000000112414ef0
0x0000000112414e98:   0000000101e45426 0000000000000000
0x0000000112414ea8:   00007f7f99524b00 0000000600000000
0x0000000112414eb8:   000000000011fa61 00000001124150e0 

Instructions: (pc=0x0000000000310000)
0x000000000030ffe0:   
[error occurred during error reporting (printing registers, top of stack, instructions near pc), id 0xb]

Register to memory mapping:

RAX=0x00000007c0095670 is an unknown value
RBX=0x00007f7f99608fd0 is an unknown value
RCX=0x0000000000003203 is an unknown value
RDX=0x00000007862c9230 is an oop
